{"/Users/developer/projects/pokedex/src/components/LoaderWrapper/LoaderWrapper.tsx": {"path":"/Users/developer/projects/pokedex/src/components/LoaderWrapper/LoaderWrapper.tsx","statementMap":{"0":{"start":{"line":1,"column":0},"end":{"line":1,"column":56}},"1":{"start":{"line":2,"column":0},"end":{"line":2,"column":50}},"2":{"start":{"line":3,"column":0},"end":{"line":3,"column":26}},"3":{"start":{"line":4,"column":0},"end":{"line":4,"column":36}},"4":{"start":{"line":11,"column":22},"end":{"line":35,"column":1}},"5":{"start":{"line":12,"column":32},"end":{"line":12,"column":38}},"6":{"start":{"line":14,"column":20},"end":{"line":14,"column":69}},"7":{"start":{"line":16,"column":8},"end":{"line":17,"column":null}},"8":{"start":{"line":22,"column":4},"end":{"line":34,"column":6}},"9":{"start":{"line":37,"column":0},"end":{"line":37,"column":29}}},"fnMap":{"0":{"name":"(anonymous_3)","decl":{"start":{"line":11,"column":22},"end":{"line":11,"column":23}},"loc":{"start":{"line":11,"column":48},"end":{"line":35,"column":1}}}},"branchMap":{"0":{"loc":{"start":{"line":24,"column":13},"end":{"line":24,"column":36}},"type":"binary-expr","locations":[{"start":{"line":24,"column":13},"end":{"line":24,"column":20}},{"start":{"line":24,"column":24},"end":{"line":24,"column":36}}]}},"s":{"0":3,"1":3,"2":3,"3":3,"4":3,"5":4,"6":2,"7":2,"8":2,"9":3},"f":{"0":2},"b":{"0":[2,2]}}
,"/Users/developer/projects/pokedex/src/components/LoaderWrapper/LoaderWrapperStyles.ts": {"path":"/Users/developer/projects/pokedex/src/components/LoaderWrapper/LoaderWrapperStyles.ts","statementMap":{"0":{"start":{"line":1,"column":0},"end":{"line":1,"column":39}},"1":{"start":{"line":3,"column":0},"end":{"line":22,"column":2}}},"fnMap":{},"branchMap":{"0":{"loc":{"start":{"line":3,"column":25},"end":{"line":22,"column":2}},"type":"binary-expr","locations":[{"start":{"line":3,"column":25},"end":{"line":3,"column":null}},{"start":{"line":3,"column":25},"end":{"line":22,"column":2}}]}},"s":{"0":3,"1":3},"f":{},"b":{"0":[3,3]}}
,"/Users/developer/projects/pokedex/src/components/PokeFilter/PokeFilter.tsx": {"path":"/Users/developer/projects/pokedex/src/components/PokeFilter/PokeFilter.tsx","statementMap":{"0":{"start":{"line":1,"column":0},"end":{"line":1,"column":35}},"1":{"start":{"line":2,"column":0},"end":{"line":2,"column":37}},"2":{"start":{"line":3,"column":0},"end":{"line":3,"column":50}},"3":{"start":{"line":4,"column":0},"end":{"line":4,"column":120}},"4":{"start":{"line":5,"column":0},"end":{"line":5,"column":71}},"5":{"start":{"line":6,"column":0},"end":{"line":6,"column":66}},"6":{"start":{"line":7,"column":0},"end":{"line":7,"column":50}},"7":{"start":{"line":8,"column":0},"end":{"line":8,"column":62}},"8":{"start":{"line":9,"column":0},"end":{"line":9,"column":66}},"9":{"start":{"line":11,"column":17},"end":{"line":11,"column":24}},"10":{"start":{"line":21,"column":19},"end":{"line":107,"column":1}},"11":{"start":{"line":22,"column":101},"end":{"line":22,"column":107}},"12":{"start":{"line":24,"column":24},"end":{"line":33,"column":40}},"13":{"start":{"line":25,"column":8},"end":{"line":32,"column":null}},"14":{"start":{"line":29,"column":59},"end":{"line":29,"column":61}},"15":{"start":{"line":29,"column":65},"end":{"line":29,"column":66}},"16":{"start":{"line":29,"column":71},"end":{"line":29,"column":115}},"17":{"start":{"line":35,"column":35},"end":{"line":40,"column":5}},"18":{"start":{"line":36,"column":8},"end":{"line":39,"column":null}},"19":{"start":{"line":42,"column":23},"end":{"line":47,"column":5}},"20":{"start":{"line":42,"column":30},"end":{"line":42,"column":32}},"21":{"start":{"line":42,"column":36},"end":{"line":42,"column":42}},"22":{"start":{"line":43,"column":8},"end":{"line":46,"column":null}},"23":{"start":{"line":49,"column":34},"end":{"line":59,"column":5}},"24":{"start":{"line":50,"column":8},"end":{"line":58,"column":null}},"25":{"start":{"line":50,"column":39},"end":{"line":58,"column":10}},"26":{"start":{"line":54,"column":37},"end":{"line":54,"column":null}},"27":{"start":{"line":61,"column":32},"end":{"line":71,"column":5}},"28":{"start":{"line":62,"column":8},"end":{"line":70,"column":null}},"29":{"start":{"line":62,"column":39},"end":{"line":70,"column":10}},"30":{"start":{"line":66,"column":37},"end":{"line":66,"column":null}},"31":{"start":{"line":73,"column":4},"end":{"line":73,"column":null}},"32":{"start":{"line":75,"column":35},"end":{"line":75,"column":53}},"33":{"start":{"line":76,"column":4},"end":{"line":106,"column":null}},"34":{"start":{"line":82,"column":35},"end":{"line":82,"column":null}},"35":{"start":{"line":91,"column":59},"end":{"line":94,"column":29}},"36":{"start":{"line":109,"column":0},"end":{"line":109,"column":null}}},"fnMap":{"0":{"name":"(anonymous_3)","decl":{"start":{"line":21,"column":19},"end":{"line":21,"column":20}},"loc":{"start":{"line":21,"column":42},"end":{"line":107,"column":1}}},"1":{"name":"(anonymous_4)","decl":{"start":{"line":24,"column":32},"end":{"line":24,"column":null}},"loc":{"start":{"line":24,"column":32},"end":{"line":33,"column":5}}},"2":{"name":"(anonymous_5)","decl":{"start":{"line":29,"column":55},"end":{"line":29,"column":56}},"loc":{"start":{"line":29,"column":66},"end":{"line":29,"column":72}}},"3":{"name":"(anonymous_6)","decl":{"start":{"line":35,"column":35},"end":{"line":35,"column":null}},"loc":{"start":{"line":35,"column":35},"end":{"line":40,"column":5}}},"4":{"name":"(anonymous_7)","decl":{"start":{"line":42,"column":23},"end":{"line":42,"column":24}},"loc":{"start":{"line":42,"column":42},"end":{"line":47,"column":5}}},"5":{"name":"(anonymous_8)","decl":{"start":{"line":49,"column":34},"end":{"line":49,"column":35}},"loc":{"start":{"line":49,"column":55},"end":{"line":59,"column":5}}},"6":{"name":"(anonymous_9)","decl":{"start":{"line":50,"column":30},"end":{"line":50,"column":31}},"loc":{"start":{"line":50,"column":34},"end":{"line":50,"column":null}}},"7":{"name":"(anonymous_10)","decl":{"start":{"line":54,"column":26},"end":{"line":54,"column":27}},"loc":{"start":{"line":54,"column":32},"end":{"line":54,"column":47}}},"8":{"name":"(anonymous_11)","decl":{"start":{"line":61,"column":32},"end":{"line":61,"column":33}},"loc":{"start":{"line":61,"column":53},"end":{"line":71,"column":5}}},"9":{"name":"(anonymous_12)","decl":{"start":{"line":62,"column":30},"end":{"line":62,"column":31}},"loc":{"start":{"line":62,"column":34},"end":{"line":62,"column":null}}},"10":{"name":"(anonymous_13)","decl":{"start":{"line":66,"column":26},"end":{"line":66,"column":27}},"loc":{"start":{"line":66,"column":32},"end":{"line":66,"column":47}}},"11":{"name":"(anonymous_14)","decl":{"start":{"line":82,"column":30},"end":{"line":82,"column":31}},"loc":{"start":{"line":82,"column":31},"end":{"line":82,"column":48}}},"12":{"name":"(anonymous_15)","decl":{"start":{"line":91,"column":53},"end":{"line":91,"column":59}},"loc":{"start":{"line":91,"column":53},"end":{"line":91,"column":79}}}},"branchMap":{"0":{"loc":{"start":{"line":29,"column":20},"end":{"line":29,"column":115}},"type":"cond-expr","locations":[{"start":{"line":29,"column":49},"end":{"line":29,"column":51}},{"start":{"line":29,"column":49},"end":{"line":29,"column":115}}]},"1":{"loc":{"start":{"line":29,"column":20},"end":{"line":29,"column":51}},"type":"binary-expr","locations":[{"start":{"line":29,"column":20},"end":{"line":29,"column":51}},{"start":{"line":29,"column":49},"end":{"line":29,"column":51}}]},"2":{"loc":{"start":{"line":29,"column":20},"end":{"line":29,"column":49}},"type":"cond-expr","locations":[{"start":{"line":29,"column":32},"end":{"line":29,"column":34}},{"start":{"line":29,"column":20},"end":{"line":29,"column":49}}]},"3":{"loc":{"start":{"line":29,"column":20},"end":{"line":29,"column":34}},"type":"binary-expr","locations":[{"start":{"line":29,"column":20},"end":{"line":29,"column":34}},{"start":{"line":29,"column":20},"end":{"line":29,"column":34}}]},"4":{"loc":{"start":{"line":89,"column":20},"end":{"line":94,"column":29}},"type":"cond-expr","locations":[{"start":{"line":90,"column":24},"end":{"line":90,"column":76}},{"start":{"line":91,"column":24},"end":{"line":94,"column":29}}]},"5":{"loc":{"start":{"line":97,"column":13},"end":{"line":102,"column":null}},"type":"binary-expr","locations":[{"start":{"line":97,"column":13},"end":{"line":97,"column":33}},{"start":{"line":98,"column":16},"end":{"line":102,"column":null}}]}},"s":{"0":2,"1":2,"2":2,"3":2,"4":2,"5":2,"6":2,"7":2,"8":2,"9":2,"10":2,"11":10,"12":2,"13":2,"14":0,"15":0,"16":0,"17":2,"18":0,"19":2,"20":0,"21":0,"22":0,"23":2,"24":0,"25":0,"26":0,"27":2,"28":0,"29":0,"30":0,"31":2,"32":2,"33":2,"34":0,"35":0,"36":2},"f":{"0":2,"1":2,"2":0,"3":0,"4":0,"5":0,"6":0,"7":0,"8":0,"9":0,"10":0,"11":0,"12":0},"b":{"0":[2,0],"1":[2,2],"2":[2,0],"3":[2,2],"4":[0,2],"5":[2,0]}}
,"/Users/developer/projects/pokedex/src/components/PokeFilter/PokeFilterStyles.ts": {"path":"/Users/developer/projects/pokedex/src/components/PokeFilter/PokeFilterStyles.ts","statementMap":{"0":{"start":{"line":1,"column":0},"end":{"line":1,"column":39}},"1":{"start":{"line":3,"column":0},"end":{"line":58,"column":2}}},"fnMap":{},"branchMap":{"0":{"loc":{"start":{"line":3,"column":25},"end":{"line":58,"column":2}},"type":"binary-expr","locations":[{"start":{"line":3,"column":25},"end":{"line":3,"column":null}},{"start":{"line":3,"column":25},"end":{"line":58,"column":2}}]}},"s":{"0":2,"1":2},"f":{},"b":{"0":[2,2]}}
,"/Users/developer/projects/pokedex/src/components/PokeStats/PokeStats.tsx": {"path":"/Users/developer/projects/pokedex/src/components/PokeStats/PokeStats.tsx","statementMap":{"0":{"start":{"line":1,"column":0},"end":{"line":1,"column":37}},"1":{"start":{"line":2,"column":0},"end":{"line":2,"column":48}},"2":{"start":{"line":3,"column":0},"end":{"line":3,"column":40}},"3":{"start":{"line":4,"column":0},"end":{"line":4,"column":60}},"4":{"start":{"line":11,"column":18},"end":{"line":47,"column":1}},"5":{"start":{"line":12,"column":27},"end":{"line":12,"column":33}},"6":{"start":{"line":13,"column":39},"end":{"line":17,"column":7}},"7":{"start":{"line":18,"column":42},"end":{"line":22,"column":7}},"8":{"start":{"line":24,"column":18},"end":{"line":34,"column":65}},"9":{"start":{"line":25,"column":35},"end":{"line":25,"column":106}},"10":{"start":{"line":26,"column":40},"end":{"line":26,"column":114}},"11":{"start":{"line":27,"column":27},"end":{"line":27,"column":69}},"12":{"start":{"line":29,"column":8},"end":{"line":33,"column":null}},"13":{"start":{"line":37,"column":4},"end":{"line":46,"column":6}},"14":{"start":{"line":49,"column":0},"end":{"line":49,"column":25}}},"fnMap":{"0":{"name":"(anonymous_3)","decl":{"start":{"line":11,"column":18},"end":{"line":11,"column":19}},"loc":{"start":{"line":11,"column":40},"end":{"line":47,"column":1}}},"1":{"name":"(anonymous_4)","decl":{"start":{"line":24,"column":26},"end":{"line":24,"column":null}},"loc":{"start":{"line":24,"column":26},"end":{"line":34,"column":5}}}},"branchMap":{"0":{"loc":{"start":{"line":25,"column":35},"end":{"line":25,"column":106}},"type":"binary-expr","locations":[{"start":{"line":25,"column":35},"end":{"line":25,"column":101}},{"start":{"line":25,"column":105},"end":{"line":25,"column":106}}]},"1":{"loc":{"start":{"line":25,"column":35},"end":{"line":25,"column":101}},"type":"cond-expr","locations":[{"start":{"line":25,"column":94},"end":{"line":25,"column":96}},{"start":{"line":25,"column":94},"end":{"line":25,"column":101}}]},"2":{"loc":{"start":{"line":25,"column":35},"end":{"line":25,"column":96}},"type":"binary-expr","locations":[{"start":{"line":25,"column":35},"end":{"line":25,"column":96}},{"start":{"line":25,"column":94},"end":{"line":25,"column":96}}]},"3":{"loc":{"start":{"line":25,"column":35},"end":{"line":25,"column":94}},"type":"cond-expr","locations":[{"start":{"line":25,"column":83},"end":{"line":25,"column":85}},{"start":{"line":25,"column":83},"end":{"line":25,"column":94}}]},"4":{"loc":{"start":{"line":25,"column":35},"end":{"line":25,"column":85}},"type":"binary-expr","locations":[{"start":{"line":25,"column":35},"end":{"line":25,"column":85}},{"start":{"line":25,"column":83},"end":{"line":25,"column":85}}]},"5":{"loc":{"start":{"line":25,"column":35},"end":{"line":25,"column":83}},"type":"cond-expr","locations":[{"start":{"line":25,"column":53},"end":{"line":25,"column":55}},{"start":{"line":25,"column":35},"end":{"line":25,"column":83}}]},"6":{"loc":{"start":{"line":25,"column":35},"end":{"line":25,"column":55}},"type":"binary-expr","locations":[{"start":{"line":25,"column":35},"end":{"line":25,"column":55}},{"start":{"line":25,"column":35},"end":{"line":25,"column":55}}]},"7":{"loc":{"start":{"line":26,"column":40},"end":{"line":26,"column":114}},"type":"binary-expr","locations":[{"start":{"line":26,"column":40},"end":{"line":26,"column":109}},{"start":{"line":26,"column":113},"end":{"line":26,"column":114}}]},"8":{"loc":{"start":{"line":26,"column":40},"end":{"line":26,"column":109}},"type":"cond-expr","locations":[{"start":{"line":26,"column":102},"end":{"line":26,"column":104}},{"start":{"line":26,"column":102},"end":{"line":26,"column":109}}]},"9":{"loc":{"start":{"line":26,"column":40},"end":{"line":26,"column":104}},"type":"binary-expr","locations":[{"start":{"line":26,"column":40},"end":{"line":26,"column":104}},{"start":{"line":26,"column":102},"end":{"line":26,"column":104}}]},"10":{"loc":{"start":{"line":26,"column":40},"end":{"line":26,"column":102}},"type":"cond-expr","locations":[{"start":{"line":26,"column":91},"end":{"line":26,"column":93}},{"start":{"line":26,"column":91},"end":{"line":26,"column":102}}]},"11":{"loc":{"start":{"line":26,"column":40},"end":{"line":26,"column":93}},"type":"binary-expr","locations":[{"start":{"line":26,"column":40},"end":{"line":26,"column":93}},{"start":{"line":26,"column":91},"end":{"line":26,"column":93}}]},"12":{"loc":{"start":{"line":26,"column":40},"end":{"line":26,"column":91}},"type":"cond-expr","locations":[{"start":{"line":26,"column":61},"end":{"line":26,"column":63}},{"start":{"line":26,"column":40},"end":{"line":26,"column":91}}]},"13":{"loc":{"start":{"line":26,"column":40},"end":{"line":26,"column":63}},"type":"binary-expr","locations":[{"start":{"line":26,"column":40},"end":{"line":26,"column":63}},{"start":{"line":26,"column":40},"end":{"line":26,"column":63}}]},"14":{"loc":{"start":{"line":27,"column":27},"end":{"line":27,"column":69}},"type":"binary-expr","locations":[{"start":{"line":27,"column":27},"end":{"line":27,"column":64}},{"start":{"line":27,"column":68},"end":{"line":27,"column":69}}]},"15":{"loc":{"start":{"line":27,"column":27},"end":{"line":27,"column":64}},"type":"cond-expr","locations":[{"start":{"line":27,"column":56},"end":{"line":27,"column":58}},{"start":{"line":27,"column":56},"end":{"line":27,"column":64}}]},"16":{"loc":{"start":{"line":27,"column":27},"end":{"line":27,"column":58}},"type":"binary-expr","locations":[{"start":{"line":27,"column":27},"end":{"line":27,"column":58}},{"start":{"line":27,"column":56},"end":{"line":27,"column":58}}]},"17":{"loc":{"start":{"line":27,"column":27},"end":{"line":27,"column":56}},"type":"cond-expr","locations":[{"start":{"line":27,"column":39},"end":{"line":27,"column":41}},{"start":{"line":27,"column":27},"end":{"line":27,"column":56}}]},"18":{"loc":{"start":{"line":27,"column":27},"end":{"line":27,"column":41}},"type":"binary-expr","locations":[{"start":{"line":27,"column":27},"end":{"line":27,"column":41}},{"start":{"line":27,"column":27},"end":{"line":27,"column":41}}]}},"s":{"0":3,"1":3,"2":3,"3":3,"4":3,"5":2,"6":2,"7":2,"8":2,"9":2,"10":2,"11":2,"12":2,"13":2,"14":3},"f":{"0":2,"1":2},"b":{"0":[2,2],"1":[2,0],"2":[2,2],"3":[2,0],"4":[2,2],"5":[2,0],"6":[2,2],"7":[2,2],"8":[2,0],"9":[2,2],"10":[2,0],"11":[2,2],"12":[2,0],"13":[2,2],"14":[2,2],"15":[2,0],"16":[2,2],"17":[2,0],"18":[2,2]}}
,"/Users/developer/projects/pokedex/src/components/PokeStats/PokeStatsStyles.ts": {"path":"/Users/developer/projects/pokedex/src/components/PokeStats/PokeStatsStyles.ts","statementMap":{"0":{"start":{"line":1,"column":0},"end":{"line":1,"column":39}},"1":{"start":{"line":3,"column":0},"end":{"line":10,"column":2}}},"fnMap":{},"branchMap":{"0":{"loc":{"start":{"line":3,"column":25},"end":{"line":10,"column":2}},"type":"binary-expr","locations":[{"start":{"line":3,"column":25},"end":{"line":3,"column":null}},{"start":{"line":3,"column":25},"end":{"line":10,"column":2}}]}},"s":{"0":3,"1":3},"f":{},"b":{"0":[3,3]}}
,"/Users/developer/projects/pokedex/src/components/customInputs/MinMaxInput/MinMaxInput.tsx": {"path":"/Users/developer/projects/pokedex/src/components/customInputs/MinMaxInput/MinMaxInput.tsx","statementMap":{"0":{"start":{"line":1,"column":0},"end":{"line":1,"column":42}},"1":{"start":{"line":3,"column":0},"end":{"line":3,"column":33}},"2":{"start":{"line":5,"column":20},"end":{"line":35,"column":1}},"3":{"start":{"line":6,"column":37},"end":{"line":6,"column":43}},"4":{"start":{"line":8,"column":25},"end":{"line":15,"column":5}},"5":{"start":{"line":9,"column":8},"end":{"line":14,"column":null}},"6":{"start":{"line":10,"column":12},"end":{"line":13,"column":null}},"7":{"start":{"line":17,"column":4},"end":{"line":34,"column":null}},"8":{"start":{"line":23,"column":31},"end":{"line":23,"column":null}},"9":{"start":{"line":30,"column":31},"end":{"line":30,"column":null}},"10":{"start":{"line":37,"column":0},"end":{"line":37,"column":null}}},"fnMap":{"0":{"name":"(anonymous_3)","decl":{"start":{"line":5,"column":20},"end":{"line":5,"column":21}},"loc":{"start":{"line":5,"column":48},"end":{"line":35,"column":1}}},"1":{"name":"(anonymous_4)","decl":{"start":{"line":8,"column":25},"end":{"line":8,"column":26}},"loc":{"start":{"line":8,"column":68},"end":{"line":15,"column":5}}},"2":{"name":"(anonymous_5)","decl":{"start":{"line":23,"column":26},"end":{"line":23,"column":27}},"loc":{"start":{"line":23,"column":27},"end":{"line":23,"column":43}}},"3":{"name":"(anonymous_6)","decl":{"start":{"line":30,"column":26},"end":{"line":30,"column":27}},"loc":{"start":{"line":30,"column":27},"end":{"line":30,"column":43}}}},"branchMap":{"0":{"loc":{"start":{"line":9,"column":8},"end":{"line":14,"column":null}},"type":"if","locations":[{"start":{"line":9,"column":8},"end":{"line":14,"column":null}}]},"1":{"loc":{"start":{"line":9,"column":12},"end":{"line":9,"column":40}},"type":"binary-expr","locations":[{"start":{"line":9,"column":12},"end":{"line":9,"column":21}},{"start":{"line":9,"column":25},"end":{"line":9,"column":40}}]}},"s":{"0":3,"1":3,"2":3,"3":3,"4":1,"5":0,"6":0,"7":1,"8":0,"9":0,"10":3},"f":{"0":1,"1":0,"2":0,"3":0},"b":{"0":[0],"1":[0,0]}}
,"/Users/developer/projects/pokedex/src/components/customInputs/MinMaxInput/MinMaxStyles.ts": {"path":"/Users/developer/projects/pokedex/src/components/customInputs/MinMaxInput/MinMaxStyles.ts","statementMap":{"0":{"start":{"line":1,"column":0},"end":{"line":1,"column":39}},"1":{"start":{"line":3,"column":0},"end":{"line":25,"column":2}}},"fnMap":{},"branchMap":{"0":{"loc":{"start":{"line":3,"column":25},"end":{"line":25,"column":2}},"type":"binary-expr","locations":[{"start":{"line":3,"column":25},"end":{"line":3,"column":null}},{"start":{"line":3,"column":25},"end":{"line":25,"column":2}}]}},"s":{"0":3,"1":3},"f":{},"b":{"0":[3,3]}}
,"/Users/developer/projects/pokedex/src/components/customInputs/SwitchInput/SwitchInput.tsx": {"path":"/Users/developer/projects/pokedex/src/components/customInputs/SwitchInput/SwitchInput.tsx","statementMap":{"0":{"start":{"line":1,"column":0},"end":{"line":1,"column":28}},"1":{"start":{"line":2,"column":0},"end":{"line":2,"column":52}},"2":{"start":{"line":5,"column":20},"end":{"line":18,"column":1}},"3":{"start":{"line":10,"column":8},"end":{"line":10,"column":14}},"4":{"start":{"line":12,"column":4},"end":{"line":17,"column":null}},"5":{"start":{"line":20,"column":0},"end":{"line":20,"column":null}}},"fnMap":{"0":{"name":"(anonymous_1)","decl":{"start":{"line":5,"column":20},"end":{"line":5,"column":21}},"loc":{"start":{"line":5,"column":48},"end":{"line":18,"column":1}}}},"branchMap":{},"s":{"0":3,"1":3,"2":3,"3":3,"4":1,"5":3},"f":{"0":1},"b":{}}
,"/Users/developer/projects/pokedex/src/components/customInputs/SwitchInput/SwitchInputStyles.ts": {"path":"/Users/developer/projects/pokedex/src/components/customInputs/SwitchInput/SwitchInputStyles.ts","statementMap":{"0":{"start":{"line":1,"column":0},"end":{"line":1,"column":39}},"1":{"start":{"line":3,"column":0},"end":{"line":9,"column":2}}},"fnMap":{},"branchMap":{"0":{"loc":{"start":{"line":3,"column":25},"end":{"line":9,"column":2}},"type":"binary-expr","locations":[{"start":{"line":3,"column":25},"end":{"line":3,"column":null}},{"start":{"line":3,"column":25},"end":{"line":9,"column":2}}]}},"s":{"0":3,"1":3},"f":{},"b":{"0":[3,3]}}
,"/Users/developer/projects/pokedex/src/interfaces/pokeInterfaces.ts": {"path":"/Users/developer/projects/pokedex/src/interfaces/pokeInterfaces.ts","statementMap":{"0":{"start":{"line":73,"column":13},"end":{"line":78,"column":null}},"1":{"start":{"line":80,"column":13},"end":{"line":85,"column":null}}},"fnMap":{},"branchMap":{},"s":{"0":2,"1":2},"f":{},"b":{}}
,"/Users/developer/projects/pokedex/src/layouts/MainLayout/MainLayout.tsx": {"path":"/Users/developer/projects/pokedex/src/layouts/MainLayout/MainLayout.tsx","statementMap":{"0":{"start":{"line":2,"column":0},"end":{"line":2,"column":28}},"1":{"start":{"line":4,"column":0},"end":{"line":4,"column":50}},"2":{"start":{"line":6,"column":34},"end":{"line":6,"column":41}},"3":{"start":{"line":7,"column":13},"end":{"line":7,"column":53}},"4":{"start":{"line":10,"column":19},"end":{"line":27,"column":1}},"5":{"start":{"line":11,"column":23},"end":{"line":11,"column":29}},"6":{"start":{"line":13,"column":4},"end":{"line":26,"column":null}},"7":{"start":{"line":29,"column":0},"end":{"line":29,"column":26}}},"fnMap":{"0":{"name":"(anonymous_3)","decl":{"start":{"line":10,"column":19},"end":{"line":10,"column":20}},"loc":{"start":{"line":10,"column":42},"end":{"line":27,"column":1}}}},"branchMap":{},"s":{"0":3,"1":3,"2":9,"3":3,"4":3,"5":2,"6":2,"7":3},"f":{"0":2},"b":{}}
,"/Users/developer/projects/pokedex/src/layouts/MainLayout/MainLayoutStyles.ts": {"path":"/Users/developer/projects/pokedex/src/layouts/MainLayout/MainLayoutStyles.ts","statementMap":{"0":{"start":{"line":1,"column":0},"end":{"line":1,"column":39}},"1":{"start":{"line":3,"column":0},"end":{"line":37,"column":2}}},"fnMap":{},"branchMap":{"0":{"loc":{"start":{"line":3,"column":25},"end":{"line":37,"column":2}},"type":"binary-expr","locations":[{"start":{"line":3,"column":25},"end":{"line":3,"column":null}},{"start":{"line":3,"column":25},"end":{"line":37,"column":2}}]}},"s":{"0":3,"1":3},"f":{},"b":{"0":[3,3]}}
,"/Users/developer/projects/pokedex/src/pages/HomePage/HomePage.tsx": {"path":"/Users/developer/projects/pokedex/src/pages/HomePage/HomePage.tsx","statementMap":{"0":{"start":{"line":1,"column":0},"end":{"line":1,"column":47}},"1":{"start":{"line":2,"column":0},"end":{"line":2,"column":50}},"2":{"start":{"line":3,"column":0},"end":{"line":3,"column":40}},"3":{"start":{"line":4,"column":0},"end":{"line":4,"column":73}},"4":{"start":{"line":5,"column":0},"end":{"line":5,"column":27}},"5":{"start":{"line":6,"column":0},"end":{"line":6,"column":73}},"6":{"start":{"line":7,"column":0},"end":{"line":7,"column":46}},"7":{"start":{"line":8,"column":0},"end":{"line":8,"column":41}},"8":{"start":{"line":9,"column":0},"end":{"line":9,"column":null}},"9":{"start":{"line":15,"column":0},"end":{"line":15,"column":61}},"10":{"start":{"line":16,"column":0},"end":{"line":16,"column":64}},"11":{"start":{"line":17,"column":0},"end":{"line":17,"column":37}},"12":{"start":{"line":19,"column":15},"end":{"line":22,"column":null}},"13":{"start":{"line":23,"column":13},"end":{"line":36,"column":null}},"14":{"start":{"line":38,"column":27},"end":{"line":111,"column":1}},"15":{"start":{"line":39,"column":40},"end":{"line":39,"column":52}},"16":{"start":{"line":39,"column":21},"end":{"line":39,"column":23}},"17":{"start":{"line":39,"column":36},"end":{"line":39,"column":40}},"18":{"start":{"line":40,"column":46},"end":{"line":40,"column":68}},"19":{"start":{"line":40,"column":24},"end":{"line":40,"column":26}},"20":{"start":{"line":40,"column":42},"end":{"line":40,"column":46}},"21":{"start":{"line":41,"column":54},"end":{"line":41,"column":111}},"22":{"start":{"line":41,"column":28},"end":{"line":41,"column":30}},"23":{"start":{"line":41,"column":50},"end":{"line":41,"column":54}},"24":{"start":{"line":43,"column":41},"end":{"line":47,"column":6}},"25":{"start":{"line":43,"column":18},"end":{"line":43,"column":26}},"26":{"start":{"line":43,"column":37},"end":{"line":43,"column":41}},"27":{"start":{"line":48,"column":33},"end":{"line":48,"column":75}},"28":{"start":{"line":50,"column":22},"end":{"line":87,"column":75}},"29":{"start":{"line":51,"column":21},"end":{"line":51,"column":58}},"30":{"start":{"line":52,"column":21},"end":{"line":52,"column":25}},"31":{"start":{"line":54,"column":8},"end":{"line":59,"column":null}},"32":{"start":{"line":55,"column":12},"end":{"line":58,"column":null}},"33":{"start":{"line":56,"column":37},"end":{"line":56,"column":115}},"34":{"start":{"line":56,"column":90},"end":{"line":56,"column":91}},"35":{"start":{"line":56,"column":96},"end":{"line":56,"column":115}},"36":{"start":{"line":57,"column":16},"end":{"line":57,"column":null}},"37":{"start":{"line":57,"column":53},"end":{"line":57,"column":84}},"38":{"start":{"line":61,"column":8},"end":{"line":85,"column":null}},"39":{"start":{"line":62,"column":12},"end":{"line":75,"column":null}},"40":{"start":{"line":64,"column":36},"end":{"line":64,"column":65}},"41":{"start":{"line":66,"column":16},"end":{"line":68,"column":null}},"42":{"start":{"line":67,"column":20},"end":{"line":67,"column":32}},"43":{"start":{"line":70,"column":16},"end":{"line":74,"column":null}},"44":{"start":{"line":72,"column":41},"end":{"line":72,"column":84}},"45":{"start":{"line":73,"column":20},"end":{"line":73,"column":87}},"46":{"start":{"line":76,"column":12},"end":{"line":84,"column":null}},"47":{"start":{"line":78,"column":36},"end":{"line":78,"column":65}},"48":{"start":{"line":79,"column":16},"end":{"line":83,"column":null}},"49":{"start":{"line":81,"column":41},"end":{"line":81,"column":84}},"50":{"start":{"line":82,"column":20},"end":{"line":82,"column":56}},"51":{"start":{"line":86,"column":8},"end":{"line":86,"column":null}},"52":{"start":{"line":89,"column":4},"end":{"line":110,"column":null}},"53":{"start":{"line":113,"column":0},"end":{"line":113,"column":24}}},"fnMap":{"0":{"name":"(anonymous_3)","decl":{"start":{"line":38,"column":27},"end":{"line":38,"column":null}},"loc":{"start":{"line":38,"column":27},"end":{"line":111,"column":1}}},"1":{"name":"(anonymous_4)","decl":{"start":{"line":50,"column":30},"end":{"line":50,"column":null}},"loc":{"start":{"line":50,"column":30},"end":{"line":87,"column":5}}},"2":{"name":"(anonymous_5)","decl":{"start":{"line":55,"column":33},"end":{"line":55,"column":34}},"loc":{"start":{"line":55,"column":59},"end":{"line":58,"column":13}}},"3":{"name":"(anonymous_6)","decl":{"start":{"line":56,"column":73},"end":{"line":56,"column":74}},"loc":{"start":{"line":56,"column":91},"end":{"line":56,"column":111}}},"4":{"name":"(anonymous_7)","decl":{"start":{"line":57,"column":41},"end":{"line":57,"column":42}},"loc":{"start":{"line":57,"column":48},"end":{"line":57,"column":66}}},"5":{"name":"(anonymous_8)","decl":{"start":{"line":62,"column":38},"end":{"line":62,"column":48}},"loc":{"start":{"line":62,"column":48},"end":{"line":75,"column":13}}},"6":{"name":"(anonymous_9)","decl":{"start":{"line":70,"column":39},"end":{"line":70,"column":40}},"loc":{"start":{"line":70,"column":65},"end":{"line":74,"column":17}}},"7":{"name":"(anonymous_10)","decl":{"start":{"line":76,"column":36},"end":{"line":76,"column":46}},"loc":{"start":{"line":76,"column":46},"end":{"line":84,"column":13}}},"8":{"name":"(anonymous_11)","decl":{"start":{"line":79,"column":39},"end":{"line":79,"column":40}},"loc":{"start":{"line":79,"column":65},"end":{"line":83,"column":17}}}},"branchMap":{"0":{"loc":{"start":{"line":51,"column":21},"end":{"line":51,"column":58}},"type":"binary-expr","locations":[{"start":{"line":51,"column":21},"end":{"line":51,"column":52}},{"start":{"line":51,"column":56},"end":{"line":51,"column":58}}]},"1":{"loc":{"start":{"line":51,"column":21},"end":{"line":51,"column":52}},"type":"cond-expr","locations":[{"start":{"line":51,"column":32},"end":{"line":51,"column":34}},{"start":{"line":51,"column":21},"end":{"line":51,"column":52}}]},"2":{"loc":{"start":{"line":51,"column":21},"end":{"line":51,"column":34}},"type":"binary-expr","locations":[{"start":{"line":51,"column":21},"end":{"line":51,"column":34}},{"start":{"line":51,"column":21},"end":{"line":51,"column":34}}]},"3":{"loc":{"start":{"line":54,"column":8},"end":{"line":59,"column":null}},"type":"if","locations":[{"start":{"line":54,"column":8},"end":{"line":59,"column":null}}]},"4":{"loc":{"start":{"line":61,"column":8},"end":{"line":85,"column":null}},"type":"if","locations":[{"start":{"line":61,"column":8},"end":{"line":85,"column":null}}]},"5":{"loc":{"start":{"line":66,"column":16},"end":{"line":68,"column":null}},"type":"if","locations":[{"start":{"line":66,"column":16},"end":{"line":68,"column":null}}]},"6":{"loc":{"start":{"line":87,"column":8},"end":{"line":87,"column":39}},"type":"cond-expr","locations":[{"start":{"line":87,"column":19},"end":{"line":87,"column":21}},{"start":{"line":87,"column":8},"end":{"line":87,"column":39}}]},"7":{"loc":{"start":{"line":87,"column":8},"end":{"line":87,"column":21}},"type":"binary-expr","locations":[{"start":{"line":87,"column":8},"end":{"line":87,"column":21}},{"start":{"line":87,"column":8},"end":{"line":87,"column":21}}]}},"s":{"0":2,"1":2,"2":2,"3":2,"4":2,"5":2,"6":2,"7":2,"8":2,"9":2,"10":2,"11":2,"12":2,"13":2,"14":2,"15":1,"16":1,"17":1,"18":1,"19":1,"20":1,"21":1,"22":1,"23":1,"24":1,"25":1,"26":1,"27":1,"28":1,"29":1,"30":1,"31":1,"32":0,"33":0,"34":0,"35":0,"36":0,"37":0,"38":1,"39":0,"40":0,"41":0,"42":0,"43":0,"44":0,"45":0,"46":0,"47":0,"48":0,"49":0,"50":0,"51":1,"52":1,"53":2},"f":{"0":1,"1":1,"2":0,"3":0,"4":0,"5":0,"6":0,"7":0,"8":0},"b":{"0":[1,1],"1":[1,0],"2":[1,1],"3":[0],"4":[0],"5":[0],"6":[1,0],"7":[1,1]}}
,"/Users/developer/projects/pokedex/src/pages/HomePage/HomePageStyles.ts": {"path":"/Users/developer/projects/pokedex/src/pages/HomePage/HomePageStyles.ts","statementMap":{"0":{"start":{"line":1,"column":0},"end":{"line":1,"column":39}},"1":{"start":{"line":3,"column":0},"end":{"line":26,"column":2}}},"fnMap":{},"branchMap":{"0":{"loc":{"start":{"line":3,"column":25},"end":{"line":26,"column":2}},"type":"binary-expr","locations":[{"start":{"line":3,"column":25},"end":{"line":3,"column":null}},{"start":{"line":3,"column":25},"end":{"line":26,"column":2}}]}},"s":{"0":2,"1":2},"f":{},"b":{"0":[2,2]}}
,"/Users/developer/projects/pokedex/src/pages/HomePage/pikaTableProps.tsx": {"path":"/Users/developer/projects/pokedex/src/pages/HomePage/pikaTableProps.tsx","statementMap":{"0":{"start":{"line":4,"column":0},"end":{"line":4,"column":50}},"1":{"start":{"line":5,"column":0},"end":{"line":5,"column":75}},"2":{"start":{"line":7,"column":35},"end":{"line":28,"column":1}},"3":{"start":{"line":8,"column":4},"end":{"line":27,"column":null}},"4":{"start":{"line":8,"column":29},"end":{"line":27,"column":6}},"5":{"start":{"line":15,"column":30},"end":{"line":16,"column":108}},"6":{"start":{"line":16,"column":53},"end":{"line":16,"column":92}},"7":{"start":{"line":17,"column":30},"end":{"line":18,"column":108}},"8":{"start":{"line":18,"column":53},"end":{"line":18,"column":92}},"9":{"start":{"line":20,"column":16},"end":{"line":20,"column":37}},"10":{"start":{"line":23,"column":35},"end":{"line":23,"column":102}},"11":{"start":{"line":23,"column":63},"end":{"line":23,"column":102}},"12":{"start":{"line":24,"column":16},"end":{"line":24,"column":null}},"13":{"start":{"line":7,"column":13},"end":{"line":7,"column":35}},"14":{"start":{"line":38,"column":13},"end":{"line":109,"column":null}},"15":{"start":{"line":44,"column":26},"end":{"line":44,"column":null}},"16":{"start":{"line":45,"column":26},"end":{"line":45,"column":27}},"17":{"start":{"line":46,"column":12},"end":{"line":54,"column":14}},"18":{"start":{"line":62,"column":26},"end":{"line":64,"column":24}},"19":{"start":{"line":63,"column":16},"end":{"line":63,"column":55}},"20":{"start":{"line":65,"column":12},"end":{"line":65,"column":38}},"21":{"start":{"line":74,"column":29},"end":{"line":77,"column":null}},"22":{"start":{"line":79,"column":12},"end":{"line":79,"column":53}},"23":{"start":{"line":80,"column":12},"end":{"line":80,"column":53}},"24":{"start":{"line":82,"column":12},"end":{"line":106,"column":null}},"25":{"start":{"line":85,"column":59},"end":{"line":85,"column":80}},"26":{"start":{"line":86,"column":39},"end":{"line":86,"column":63}},"27":{"start":{"line":87,"column":54},"end":{"line":87,"column":82}},"28":{"start":{"line":89,"column":24},"end":{"line":91,"column":null}},"29":{"start":{"line":90,"column":28},"end":{"line":90,"column":null}},"30":{"start":{"line":92,"column":24},"end":{"line":94,"column":null}},"31":{"start":{"line":93,"column":28},"end":{"line":93,"column":null}},"32":{"start":{"line":97,"column":24},"end":{"line":102,"column":null}}},"fnMap":{"0":{"name":"(anonymous_3)","decl":{"start":{"line":7,"column":35},"end":{"line":7,"column":36}},"loc":{"start":{"line":7,"column":51},"end":{"line":28,"column":1}}},"1":{"name":"(anonymous_4)","decl":{"start":{"line":8,"column":21},"end":{"line":8,"column":25}},"loc":{"start":{"line":8,"column":25},"end":{"line":8,"column":null}}},"2":{"name":"(anonymous_5)","decl":{"start":{"line":14,"column":20},"end":{"line":14,"column":21}},"loc":{"start":{"line":14,"column":35},"end":{"line":21,"column":13}}},"3":{"name":"(anonymous_6)","decl":{"start":{"line":16,"column":26},"end":{"line":16,"column":27}},"loc":{"start":{"line":16,"column":48},"end":{"line":16,"column":61}}},"4":{"name":"(anonymous_7)","decl":{"start":{"line":18,"column":26},"end":{"line":18,"column":27}},"loc":{"start":{"line":18,"column":48},"end":{"line":18,"column":61}}},"5":{"name":"(anonymous_8)","decl":{"start":{"line":22,"column":20},"end":{"line":22,"column":21}},"loc":{"start":{"line":22,"column":44},"end":{"line":25,"column":13}}},"6":{"name":"(anonymous_9)","decl":{"start":{"line":23,"column":49},"end":{"line":23,"column":50}},"loc":{"start":{"line":23,"column":58},"end":{"line":23,"column":71}}},"7":{"name":"(anonymous_10)","decl":{"start":{"line":44,"column":16},"end":{"line":44,"column":17}},"loc":{"start":{"line":44,"column":21},"end":{"line":44,"column":27}}},"8":{"name":"(anonymous_11)","decl":{"start":{"line":45,"column":16},"end":{"line":45,"column":17}},"loc":{"start":{"line":45,"column":27},"end":{"line":55,"column":9}}},"9":{"name":"(anonymous_12)","decl":{"start":{"line":61,"column":16},"end":{"line":61,"column":17}},"loc":{"start":{"line":61,"column":25},"end":{"line":66,"column":9}}},"10":{"name":"(anonymous_13)","decl":{"start":{"line":62,"column":39},"end":{"line":62,"column":40}},"loc":{"start":{"line":62,"column":62},"end":{"line":64,"column":13}}},"11":{"name":"(anonymous_14)","decl":{"start":{"line":73,"column":16},"end":{"line":73,"column":17}},"loc":{"start":{"line":73,"column":38},"end":{"line":107,"column":9}}},"12":{"name":"(anonymous_15)","decl":{"start":{"line":85,"column":52},"end":{"line":85,"column":55}},"loc":{"start":{"line":85,"column":55},"end":{"line":85,"column":62}}},"13":{"name":"(anonymous_16)","decl":{"start":{"line":85,"column":85},"end":{"line":85,"column":86}},"loc":{"start":{"line":85,"column":89},"end":{"line":103,"column":21}}}},"branchMap":{"0":{"loc":{"start":{"line":15,"column":30},"end":{"line":16,"column":108}},"type":"binary-expr","locations":[{"start":{"line":15,"column":30},"end":{"line":16,"column":103}},{"start":{"line":16,"column":107},"end":{"line":16,"column":108}}]},"1":{"loc":{"start":{"line":15,"column":30},"end":{"line":16,"column":103}},"type":"cond-expr","locations":[{"start":{"line":16,"column":92},"end":{"line":16,"column":94}},{"start":{"line":16,"column":92},"end":{"line":16,"column":103}}]},"2":{"loc":{"start":{"line":15,"column":30},"end":{"line":16,"column":94}},"type":"binary-expr","locations":[{"start":{"line":15,"column":30},"end":{"line":16,"column":94}},{"start":{"line":16,"column":92},"end":{"line":16,"column":94}}]},"3":{"loc":{"start":{"line":17,"column":30},"end":{"line":18,"column":108}},"type":"binary-expr","locations":[{"start":{"line":17,"column":30},"end":{"line":18,"column":103}},{"start":{"line":18,"column":107},"end":{"line":18,"column":108}}]},"4":{"loc":{"start":{"line":17,"column":30},"end":{"line":18,"column":103}},"type":"cond-expr","locations":[{"start":{"line":18,"column":92},"end":{"line":18,"column":94}},{"start":{"line":18,"column":92},"end":{"line":18,"column":103}}]},"5":{"loc":{"start":{"line":17,"column":30},"end":{"line":18,"column":94}},"type":"binary-expr","locations":[{"start":{"line":17,"column":30},"end":{"line":18,"column":94}},{"start":{"line":18,"column":92},"end":{"line":18,"column":94}}]},"6":{"loc":{"start":{"line":24,"column":23},"end":{"line":24,"column":44}},"type":"cond-expr","locations":[{"start":{"line":24,"column":33},"end":{"line":24,"column":35}},{"start":{"line":24,"column":23},"end":{"line":24,"column":44}}]},"7":{"loc":{"start":{"line":24,"column":23},"end":{"line":24,"column":35}},"type":"binary-expr","locations":[{"start":{"line":24,"column":23},"end":{"line":24,"column":35}},{"start":{"line":24,"column":23},"end":{"line":24,"column":35}}]},"8":{"loc":{"start":{"line":76,"column":28},"end":{"line":76,"column":63}},"type":"cond-expr","locations":[{"start":{"line":76,"column":57},"end":{"line":76,"column":59}},{"start":{"line":76,"column":57},"end":{"line":76,"column":63}}]},"9":{"loc":{"start":{"line":76,"column":28},"end":{"line":76,"column":59}},"type":"binary-expr","locations":[{"start":{"line":76,"column":28},"end":{"line":76,"column":59}},{"start":{"line":76,"column":57},"end":{"line":76,"column":59}}]},"10":{"loc":{"start":{"line":77,"column":28},"end":{"line":77,"column":63}},"type":"cond-expr","locations":[{"start":{"line":77,"column":57},"end":{"line":77,"column":59}},{"start":{"line":77,"column":57},"end":{"line":77,"column":63}}]},"11":{"loc":{"start":{"line":77,"column":28},"end":{"line":77,"column":59}},"type":"binary-expr","locations":[{"start":{"line":77,"column":28},"end":{"line":77,"column":59}},{"start":{"line":77,"column":57},"end":{"line":77,"column":59}}]},"12":{"loc":{"start":{"line":89,"column":24},"end":{"line":91,"column":null}},"type":"if","locations":[{"start":{"line":89,"column":24},"end":{"line":91,"column":null}}]},"13":{"loc":{"start":{"line":92,"column":24},"end":{"line":94,"column":null}},"type":"if","locations":[{"start":{"line":92,"column":24},"end":{"line":94,"column":null}}]}},"s":{"0":2,"1":2,"2":2,"3":2,"4":12,"5":0,"6":0,"7":0,"8":0,"9":0,"10":0,"11":0,"12":0,"13":2,"14":2,"15":0,"16":0,"17":0,"18":0,"19":0,"20":0,"21":0,"22":0,"23":0,"24":0,"25":0,"26":0,"27":0,"28":0,"29":0,"30":0,"31":0,"32":0},"f":{"0":2,"1":12,"2":0,"3":0,"4":0,"5":0,"6":0,"7":0,"8":0,"9":0,"10":0,"11":0,"12":0,"13":0},"b":{"0":[0,0],"1":[0,0],"2":[0,0],"3":[0,0],"4":[0,0],"5":[0,0],"6":[0,0],"7":[0,0],"8":[0,0],"9":[0,0],"10":[0,0],"11":[0,0],"12":[0],"13":[0]}}
,"/Users/developer/projects/pokedex/src/queries/pokQueries.ts": {"path":"/Users/developer/projects/pokedex/src/queries/pokQueries.ts","statementMap":{"0":{"start":{"line":1,"column":0},"end":{"line":1,"column":35}},"1":{"start":{"line":3,"column":13},"end":{"line":41,"column":2}},"2":{"start":{"line":43,"column":13},"end":{"line":51,"column":2}},"3":{"start":{"line":53,"column":13},"end":{"line":59,"column":2}}},"fnMap":{},"branchMap":{"0":{"loc":{"start":{"line":3,"column":31},"end":{"line":41,"column":2}},"type":"binary-expr","locations":[{"start":{"line":3,"column":31},"end":{"line":3,"column":null}},{"start":{"line":3,"column":31},"end":{"line":41,"column":2}}]},"1":{"loc":{"start":{"line":43,"column":37},"end":{"line":51,"column":2}},"type":"binary-expr","locations":[{"start":{"line":43,"column":37},"end":{"line":43,"column":null}},{"start":{"line":43,"column":37},"end":{"line":51,"column":2}}]},"2":{"loc":{"start":{"line":53,"column":36},"end":{"line":59,"column":2}},"type":"binary-expr","locations":[{"start":{"line":53,"column":36},"end":{"line":53,"column":null}},{"start":{"line":53,"column":36},"end":{"line":59,"column":2}}]}},"s":{"0":3,"1":3,"2":3,"3":3},"f":{},"b":{"0":[3,3],"1":[3,3],"2":[3,3]}}
,"/Users/developer/projects/pokedex/src/utils/stringUtils.ts": {"path":"/Users/developer/projects/pokedex/src/utils/stringUtils.ts","statementMap":{"0":{"start":{"line":1,"column":25},"end":{"line":2,"column":5}},"1":{"start":{"line":2,"column":4},"end":{"line":2,"column":null}},"2":{"start":{"line":2,"column":44},"end":{"line":2,"column":88}},"3":{"start":{"line":1,"column":13},"end":{"line":1,"column":25}}},"fnMap":{"0":{"name":"(anonymous_0)","decl":{"start":{"line":1,"column":25},"end":{"line":1,"column":26}},"loc":{"start":{"line":1,"column":35},"end":{"line":2,"column":5}}},"1":{"name":"(anonymous_1)","decl":{"start":{"line":2,"column":31},"end":{"line":2,"column":32}},"loc":{"start":{"line":2,"column":39},"end":{"line":2,"column":45}}}},"branchMap":{"0":{"loc":{"start":{"line":2,"column":44},"end":{"line":2,"column":87}},"type":"cond-expr","locations":[{"start":{"line":2,"column":48},"end":{"line":2,"column":63}},{"start":{"line":2,"column":66},"end":{"line":2,"column":87}}]}},"s":{"0":2,"1":0,"2":0,"3":2},"f":{"0":0,"1":0},"b":{"0":[0,0]}}
}
